<?xml version="1.0" encoding="UTF-8"?>
<!-- Generated by org.testng.reporters.JUnitReportReporter -->
<testsuite hostname="DESKTOP-NKL1RR8" failures="0" tests="2" name="yuvraj.Tests.ErrorValidationsTest" time="21.212" errors="0" timestamp="2026-06-23T19:30:03 IST" skipped="0">
  <testcase classname="yuvraj.Tests.ErrorValidationsTest" name="ProductErrorValidation" time="16.544"/>
  <system-out/>
  <testcase classname="yuvraj.Tests.ErrorValidationsTest" name="submitOrder" time="4.668"/>
  <system-out/>
</testsuite> <!-- yuvraj.Tests.ErrorValidationsTest -->
